Defaulting to user installation because normal site-packages is not writeable
Requirement already satisfied: python-openstackclient in /usr/lib/python3/dist-packages (5.2.0)
Collecting argparse
  Using cached argparse-1.4.0-py2.py3-none-any.whl.metadata (2.8 kB)
Requirement already satisfied: subprocess32 in /home/madhav/.local/lib/python3.8/site-packages (3.5.4)
Requirement already satisfied: python-openstacksdk in /home/madhav/.local/lib/python3.8/site-packages (0.5.2)
Requirement already satisfied: openstacksdk in /home/madhav/.local/lib/python3.8/site-packages (from python-openstacksdk) (3.1.0)
Requirement already satisfied: PyYAML>=3.13 in /usr/lib/python3/dist-packages (from openstacksdk->python-openstacksdk) (5.3.1)
Requirement already satisfied: cryptography>=2.7 in /usr/lib/python3/dist-packages (from openstacksdk->python-openstacksdk) (2.8)
Requirement already satisfied: decorator>=4.4.1 in /usr/lib/python3/dist-packages (from openstacksdk->python-openstacksdk) (4.4.2)
Requirement already satisfied: dogpile.cache>=0.6.5 in /usr/lib/python3/dist-packages (from openstacksdk->python-openstacksdk) (0.9.0)
Requirement already satisfied: iso8601>=0.1.11 in /usr/lib/python3/dist-packages (from openstacksdk->python-openstacksdk) (0.1.12)
Requirement already satisfied: jmespath>=0.9.0 in /usr/lib/python3/dist-packages (from openstacksdk->python-openstacksdk) (0.9.4)
Requirement already satisfied: jsonpatch!=1.20,>=1.16 in /usr/lib/python3/dist-packages (from openstacksdk->python-openstacksdk) (1.22)
Requirement already satisfied: keystoneauth1>=3.18.0 in /home/madhav/.local/lib/python3.8/site-packages (from openstacksdk->python-openstacksdk) (5.6.0)
Requirement already satisfied: netifaces>=0.10.4 in /usr/lib/python3/dist-packages (from openstacksdk->python-openstacksdk) (0.10.4)
Requirement already satisfied: os-service-types>=1.7.0 in /usr/lib/python3/dist-packages (from openstacksdk->python-openstacksdk) (1.7.0)
Requirement already satisfied: pbr!=2.1.0,>=2.0.0 in /usr/lib/python3/dist-packages (from openstacksdk->python-openstacksdk) (5.4.5)
Requirement already satisfied: platformdirs>=3 in /home/madhav/.local/lib/python3.8/site-packages (from openstacksdk->python-openstacksdk) (4.2.2)
Requirement already satisfied: requestsexceptions>=1.2.0 in /usr/lib/python3/dist-packages (from openstacksdk->python-openstacksdk) (1.4.0)
Requirement already satisfied: requests>=2.14.2 in /home/madhav/.local/lib/python3.8/site-packages (from keystoneauth1>=3.18.0->openstacksdk->python-openstacksdk) (2.28.0)
Requirement already satisfied: stevedore>=1.20.0 in /usr/local/lib/python3.8/dist-packages (from keystoneauth1>=3.18.0->openstacksdk->python-openstacksdk) (5.2.0)
Requirement already satisfied: charset-normalizer~=2.0.0 in /home/madhav/.local/lib/python3.8/site-packages (from requests>=2.14.2->keystoneauth1>=3.18.0->openstacksdk->python-openstacksdk) (2.0.12)
Requirement already satisfied: idna<4,>=2.5 in /usr/lib/python3/dist-packages (from requests>=2.14.2->keystoneauth1>=3.18.0->openstacksdk->python-openstacksdk) (2.8)
Requirement already satisfied: urllib3<1.27,>=1.21.1 in /home/madhav/.local/lib/python3.8/site-packages (from requests>=2.14.2->keystoneauth1>=3.18.0->openstacksdk->python-openstacksdk) (1.26.14)
Requirement already satisfied: certifi>=2017.4.17 in /usr/lib/python3/dist-packages (from requests>=2.14.2->keystoneauth1>=3.18.0->openstacksdk->python-openstacksdk) (2019.11.28)
Using cached argparse-1.4.0-py2.py3-none-any.whl (23 kB)
Installing collected packages: argparse
Successfully installed argparse-1.4.0
